0 info it worked if it ends with ok
1 verbose cli [ 'C:\\Program Files\\nodejs\\node.exe',
1 verbose cli   'C:\\Program Files\\nodejs\\node_modules\\npm\\bin\\npm-cli.js',
1 verbose cli   'run',
1 verbose cli   'dev' ]
2 info using npm@3.10.10
3 info using node@v6.10.0
4 verbose run-script [ 'predev', 'dev', 'postdev' ]
5 info lifecycle graphql_server@0.0.1~predev: graphql_server@0.0.1
6 silly lifecycle graphql_server@0.0.1~predev: no script for predev, continuing
7 info lifecycle graphql_server@0.0.1~dev: graphql_server@0.0.1
8 verbose lifecycle graphql_server@0.0.1~dev: unsafe-perm in lifecycle true
9 verbose lifecycle graphql_server@0.0.1~dev: PATH: C:\Program Files\nodejs\node_modules\npm\bin\node-gyp-bin;C:\Users\Camilo\Google Drive\Dev\GraphQL_Server\node_modules\.bin;C:\ProgramData\Oracle\Java\javapath;C:\WINDOWS\system32;C:\WINDOWS;C:\WINDOWS\System32\Wbem;C:\WINDOWS\System32\WindowsPowerShell\v1.0\;C:\Program Files\nodejs\;C:\Program Files\Git\cmd;C:\Users\Camilo\AppData\Local\Microsoft\WindowsApps;;C:\Program Files (x86)\Microsoft VS Code\bin;C:\Users\Camilo\AppData\Roaming\npm;C:\Program Files\Heroku\bin
10 verbose lifecycle graphql_server@0.0.1~dev: CWD: C:\Users\Camilo\Google Drive\Dev\GraphQL_Server
11 silly lifecycle graphql_server@0.0.1~dev: Args: [ '/d /s /c', 'nodemon index.js --ignore client' ]
12 silly lifecycle graphql_server@0.0.1~dev: Returned: code: 3221225786  signal: null
13 info lifecycle graphql_server@0.0.1~dev: Failed to exec dev script
14 verbose stack Error: graphql_server@0.0.1 dev: `nodemon index.js --ignore client`
14 verbose stack Exit status 3221225786
14 verbose stack     at EventEmitter.<anonymous> (C:\Program Files\nodejs\node_modules\npm\lib\utils\lifecycle.js:255:16)
14 verbose stack     at emitTwo (events.js:106:13)
14 verbose stack     at EventEmitter.emit (events.js:191:7)
14 verbose stack     at ChildProcess.<anonymous> (C:\Program Files\nodejs\node_modules\npm\lib\utils\spawn.js:40:14)
14 verbose stack     at emitTwo (events.js:106:13)
14 verbose stack     at ChildProcess.emit (events.js:191:7)
14 verbose stack     at maybeClose (internal/child_process.js:877:16)
14 verbose stack     at Process.ChildProcess._handle.onexit (internal/child_process.js:226:5)
15 verbose pkgid graphql_server@0.0.1
16 verbose cwd C:\Users\Camilo\Google Drive\Dev\GraphQL_Server
17 error Windows_NT 10.0.14393
18 error argv "C:\\Program Files\\nodejs\\node.exe" "C:\\Program Files\\nodejs\\node_modules\\npm\\bin\\npm-cli.js" "run" "dev"
19 error node v6.10.0
20 error npm  v3.10.10
21 error code ELIFECYCLE
22 error graphql_server@0.0.1 dev: `nodemon index.js --ignore client`
22 error Exit status 3221225786
23 error Failed at the graphql_server@0.0.1 dev script 'nodemon index.js --ignore client'.
23 error Make sure you have the latest version of node.js and npm installed.
23 error If you do, this is most likely a problem with the graphql_server package,
23 error not with npm itself.
23 error Tell the author that this fails on your system:
23 error     nodemon index.js --ignore client
23 error You can get information on how to open an issue for this project with:
23 error     npm bugs graphql_server
23 error Or if that isn't available, you can get their info via:
23 error     npm owner ls graphql_server
23 error There is likely additional logging output above.
24 verbose exit [ 1, true ]
